<?xml version="1.0" encoding="UTF-8"?>
<!-- Generated by org.testng.reporters.JUnitReportReporter -->
<testsuite hostname="ATMECSINLT-601" failures="0" tests="1" name="com.atmecs.mock_api_testing.tests.CreateRecord" time="5.718" errors="0" timestamp="2020-11-13T15:16:39 IST" skipped="0">
  <testcase classname="com.atmecs.mock_api_testing.tests.CreateRecord" name="createRecord" time="5.718"/>
  <system-out/>
</testsuite> <!-- com.atmecs.mock_api_testing.tests.CreateRecord -->
