<?xml version="1.0" encoding="UTF-8"?>
<!-- Generated by org.testng.reporters.JUnitReportReporter -->
<testsuite hostname="ATMECSINLT-601" failures="0" tests="1" name="com.atmecs.mock_api_testing.tests.UpdateRecord" time="5.344" errors="0" timestamp="2020-11-13T15:21:49 IST" skipped="0">
  <testcase classname="com.atmecs.mock_api_testing.tests.UpdateRecord" name="updateUser" time="5.344"/>
  <system-out/>
</testsuite> <!-- com.atmecs.mock_api_testing.tests.UpdateRecord -->
